<?xml version="1.0" encoding="UTF-8"?>
<testsuite name="agh.ics.oop.GrassFiledTest" tests="4" skipped="0" failures="0" errors="0" timestamp="2021-12-10T20:13:30" hostname="MPC-S1" time="0.05">
  <properties/>
  <testcase name="canMoveTo()" classname="agh.ics.oop.GrassFiledTest" time="0.036"/>
  <testcase name="isOccupied()" classname="agh.ics.oop.GrassFiledTest" time="0.003"/>
  <testcase name="objectAt()" classname="agh.ics.oop.GrassFiledTest" time="0.003"/>
  <testcase name="place()" classname="agh.ics.oop.GrassFiledTest" time="0.005"/>
  <system-out><![CDATA[]]></system-out>
  <system-err><![CDATA[]]></system-err>
</testsuite>
