<?xml version="1.0" encoding="UTF-8"?>
<testsuite name="agh.ics.oop.GrassFiledTest" tests="4" skipped="0" failures="0" errors="0" timestamp="2021-11-17T17:40:00" hostname="MPC-S1" time="0.133">
  <properties/>
  <testcase name="canMoveTo()" classname="agh.ics.oop.GrassFiledTest" time="0.082"/>
  <testcase name="isOccupied()" classname="agh.ics.oop.GrassFiledTest" time="0.019"/>
  <testcase name="objectAt()" classname="agh.ics.oop.GrassFiledTest" time="0.007"/>
  <testcase name="place()" classname="agh.ics.oop.GrassFiledTest" time="0.014"/>
  <system-out><![CDATA[]]></system-out>
  <system-err><![CDATA[]]></system-err>
</testsuite>
