<?xml version="1.0" encoding="UTF-8"?>
<testsuite name="agh.ics.oop.AnimalTest" tests="1" skipped="0" failures="0" errors="0" timestamp="2021-10-28T17:01:56" hostname="MPC-S1" time="0.032">
  <properties/>
  <testcase name="testAll()" classname="agh.ics.oop.AnimalTest" time="0.032"/>
  <system-out><![CDATA[]]></system-out>
  <system-err><![CDATA[]]></system-err>
</testsuite>
