<?xml version="1.0" encoding="UTF-8"?>
<testsuite name="agh.ics.oop.RectangularMapTest" tests="1" skipped="0" failures="0" errors="0" timestamp="2021-11-29T13:05:38" hostname="MPC-S2" time="0.022">
  <properties/>
  <testcase name="place()" classname="agh.ics.oop.RectangularMapTest" time="0.022"/>
  <system-out><![CDATA[]]></system-out>
  <system-err><![CDATA[]]></system-err>
</testsuite>
