<?xml version="1.0" encoding="UTF-8"?>
<testsuite name="agh.ics.oop.Vector2dTest" tests="1" skipped="0" failures="0" errors="0" timestamp="2021-10-20T10:39:34" hostname="MPC-S2" time="0.036">
  <properties/>
  <testcase name="testAll()" classname="agh.ics.oop.Vector2dTest" time="0.036"/>
  <system-out><![CDATA[]]></system-out>
  <system-err><![CDATA[]]></system-err>
</testsuite>
