<?xml version="1.0" encoding="UTF-8"?>
<testsuite name="agh.ics.oop.SimulationEngineTest" tests="1" skipped="0" failures="0" errors="0" timestamp="2021-12-04T12:04:47" hostname="MPC-S1" time="0.156">
  <properties/>
  <testcase name="run()" classname="agh.ics.oop.SimulationEngineTest" time="0.156"/>
  <system-out><![CDATA[ y\x  2 3
  5: -----
  4: | |^|
  3: | | |
  2: |<|^|
  1: -----
 y\x  2 3
  5: -----
  4: | |>|
  3: | | |
  2: |<|^|
  1: -----
 y\x  2 3
  5: -----
  4: | |>|
  3: | |^|
  2: |<| |
  1: -----
 y\x  1 2 3
  5: -------
  4: | | |>|
  3: | | |^|
  2: |<| | |
  1: -------
 y\x  1 2 3 4
  5: ---------
  4: | | | |>|
  3: | | |^| |
  2: |<| | | |
  1: ---------
 y\x  1 2 3 4
  5: ---------
  4: | | |^|>|
  3: | | | | |
  2: |<| | | |
  1: ---------
 y\x  0 1 2 3 4
  5: -----------
  4: | | | |^|>|
  3: | | | | | |
  2: |<| | | | |
  1: -----------
 y\x  0 1 2 3 4 5
  5: -------------
  4: | | | |^| |>|
  3: | | | | | | |
  2: |<| | | | | |
  1: -------------
 y\x  0 1 2 3 4 5
  6: -------------
  5: | | | |^| | |
  4: | | | | | |>|
  3: | | | | | | |
  2: |<| | | | | |
  1: -------------
 y\x  0 1 2 3 4 5
  6: -------------
  5: | | | |^| | |
  4: | | | | | |>|
  3: | | | | | | |
  2: |<| | | | | |
  1: -------------
 y\x  0 1 2 3 4 5 6
  6: ---------------
  5: | | | |^| | | |
  4: | | | | | | |>|
  3: | | | | | | | |
  2: |<| | | | | | |
  1: ---------------
 y\x  0 1 2 3 4 5 6
  6: ---------------
  5: | | | |^| | | |
  4: | | | | | | |>|
  3: | | | | | | | |
  2: |<| | | | | | |
  1: ---------------
 y\x  0 1 2 3 4 5 6
  6: ---------------
  5: | | | |^| | | |
  4: | | | | | | |>|
  3: | | | | | | | |
  2: |<| | | | | | |
  1: ---------------
 y\x  0 1 2 3 4 5 6 7
  6: -----------------
  5: | | | |^| | | | |
  4: | | | | | | | |>|
  3: | | | | | | | | |
  2: |<| | | | | | | |
  1: -----------------
 y\x  0 1 2 3 4 5 6 7
  6: -----------------
  5: | | | |^| | | | |
  4: | | | | | | | |>|
  3: | | | | | | | | |
  2: |<| | | | | | | |
  1: -----------------
 y\x  0 1 2 3 4 5 6 7
  6: -----------------
  5: | | | |^| | | | |
  4: | | | | | | | |>|
  3: | | | | | | | | |
  2: |<| | | | | | | |
  1: -----------------
 y\x  0 1 2 3 4 5 6 7 8
  6: -------------------
  5: | | | |^| | | | | |
  4: | | | | | | | | |>|
  3: | | | | | | | | | |
  2: |<| | | | | | | | |
  1: -------------------
 y\x  0 1 2 3 4 5 6 7 8
  6: -------------------
  5: | | | |^| | | | | |
  4: | | | | | | | | |>|
  3: | | | | | | | | | |
  2: |<| | | | | | | | |
  1: -------------------
 y\x  0 1 2 3 4 5 6 7 8
  6: -------------------
  5: | | | |^| | | | | |
  4: | | | | | | | | |>|
  3: | | | | | | | | | |
  2: |<| | | | | | | | |
  1: -------------------
 y\x  0 1 2 3 4 5 6 7 8 9
  6: ---------------------
  5: | | | |^| | | | | | |
  4: | | | | | | | | | |>|
  3: | | | | | | | | | | |
  2: |<| | | | | | | | | |
  1: ---------------------
 y\x  0 1 2 3 4 5 6 7 8 9
  6: ---------------------
  5: | | | |^| | | | | | |
  4: | | | | | | | | | |>|
  3: | | | | | | | | | | |
  2: |<| | | | | | | | | |
  1: ---------------------
 y\x  0 1 2 3 4 5 6 7 8 9
  6: ---------------------
  5: | | | |^| | | | | | |
  4: | | | | | | | | | |>|
  3: | | | | | | | | | | |
  2: |<| | | | | | | | | |
  1: ---------------------
 y\x  0 1 2 3 4 5 6 7 8 910
  6: -----------------------
  5: | | | |^| | | | | | | |
  4: | | | | | | | | | | |>|
  3: | | | | | | | | | | | |
  2: |<| | | | | | | | | | |
  1: -----------------------
 y\x  0 1 2 3 4 5 6 7 8 910
  6: -----------------------
  5: | | | |^| | | | | | | |
  4: | | | | | | | | | | |>|
  3: | | | | | | | | | | | |
  2: |<| | | | | | | | | | |
  1: -----------------------
 y\x  0 1 2 3 4 5 6 7 8 910
  6: -----------------------
  5: | | | |^| | | | | | | |
  4: | | | | | | | | | | |>|
  3: | | | | | | | | | | | |
  2: |<| | | | | | | | | | |
  1: -----------------------
]]></system-out>
  <system-err><![CDATA[]]></system-err>
</testsuite>
